2016-09-04 16:17:09,853 INFO: de column categorie is nieuw en is toegevoegd aan de teams tabel
2016-09-04 16:17:09,892 INFO: de column naam is nieuw en is toegevoegd aan de teams tabel
2016-09-04 16:17:09,932 INFO: de column soort is nieuw en is toegevoegd aan de teams tabel
2016-09-04 16:17:09,965 INFO: de column afbeelding is nieuw en is toegevoegd aan de teams tabel
2016-09-04 16:17:10,008 INFO: de column link is nieuw en is toegevoegd aan de teams tabel
2016-09-04 16:17:10,052 INFO: de column thumbnail is nieuw en is toegevoegd aan de teams tabel
2016-09-04 16:17:10,108 gelukt om te commiten naar de db voor de teamstabel
2016-09-04 16:17:10,935 INFO: de column scheidsrechter is nieuw en is toegevoegd aan de wedstrijden tabel
2016-09-04 16:17:10,974 INFO: de column teamleideropmerkingen is nieuw en is toegevoegd aan de wedstrijden tabel
2016-09-04 16:17:11,030 INFO: de column duur is nieuw en is toegevoegd aan de wedstrijden tabel
2016-09-04 16:17:11,083 INFO: de column datum is nieuw en is toegevoegd aan de wedstrijden tabel
2016-09-04 16:17:11,125 INFO: de column aanvang is nieuw en is toegevoegd aan de wedstrijden tabel
2016-09-04 16:17:11,159 INFO: de column soort is nieuw en is toegevoegd aan de wedstrijden tabel
2016-09-04 16:17:11,205 INFO: de column thuisteam is nieuw en is toegevoegd aan de wedstrijden tabel
2016-09-04 16:17:11,246 INFO: de column uitteam is nieuw en is toegevoegd aan de wedstrijden tabel
2016-09-04 16:17:11,281 INFO: de column opmerkingen is nieuw en is toegevoegd aan de wedstrijden tabel
2016-09-04 16:17:11,334 INFO: de column klasse is nieuw en is toegevoegd aan de wedstrijden tabel
2016-09-04 16:17:11,507 gelukt om te committen voor de wedstrijden naar de db
2016-09-04 16:17:12,446 db  geleegd voor team 1 met knvb_id 
2016-09-04 16:17:12,448 gelukt om COMPETITIE naar de database te schrijven voor team 1
2016-09-04 16:17:12,451 gelukt om UITSLAG naar de database te schrijven voor team 1
2016-09-04 16:17:12,507 gelukt om BEKER naar de database te schrijven voor team 1
2016-09-04 16:17:13,563 db  geleegd voor team JO17:1 met knvb_id 262553
2016-09-04 16:17:13,567 gelukt om COMPETITIE naar de database te schrijven voor team JO17:1
2016-09-04 16:17:13,569 gelukt om UITSLAG naar de database te schrijven voor team JO17:1
2016-09-04 16:17:13,608 gelukt om BEKER naar de database te schrijven voor team JO17:1
2016-09-04 16:17:14,778 db  geleegd voor team JO17:4 met knvb_id 262556
2016-09-04 16:17:14,779 gelukt om COMPETITIE naar de database te schrijven voor team JO17:4
2016-09-04 16:17:14,781 gelukt om UITSLAG naar de database te schrijven voor team JO17:4
2016-09-04 16:17:14,835 gelukt om BEKER naar de database te schrijven voor team JO17:4
2016-09-04 16:17:16,507 db  geleegd voor team JO15:1 met knvb_id 262557
2016-09-04 16:17:16,513 gelukt om COMPETITIE naar de database te schrijven voor team JO15:1
2016-09-04 16:17:16,515 gelukt om UITSLAG naar de database te schrijven voor team JO15:1
2016-09-04 16:17:16,556 gelukt om BEKER naar de database te schrijven voor team JO15:1
2016-09-04 16:17:19,289 db  geleegd voor team JO17:2 met knvb_id 262554
2016-09-04 16:17:19,290 gelukt om COMPETITIE naar de database te schrijven voor team JO17:2
2016-09-04 16:17:19,292 gelukt om UITSLAG naar de database te schrijven voor team JO17:2
2016-09-04 16:17:19,343 gelukt om BEKER naar de database te schrijven voor team JO17:2
2016-09-04 16:17:20,667 db  geleegd voor team JO17:3 met knvb_id 262555
2016-09-04 16:17:20,668 gelukt om COMPETITIE naar de database te schrijven voor team JO17:3
2016-09-04 16:17:20,670 gelukt om UITSLAG naar de database te schrijven voor team JO17:3
2016-09-04 16:17:20,716 gelukt om BEKER naar de database te schrijven voor team JO17:3
2016-09-04 16:17:21,627 db  geleegd voor team JO11:7 met knvb_id 262574
2016-09-04 16:17:21,635 gelukt om COMPETITIE naar de database te schrijven voor team JO11:7
2016-09-04 16:17:21,637 gelukt om UITSLAG naar de database te schrijven voor team JO11:7
2016-09-04 16:17:21,685 gelukt om BEKER naar de database te schrijven voor team JO11:7
2016-09-04 16:17:22,391 db  geleegd voor team JO15:2 met knvb_id 262558
2016-09-04 16:17:22,393 gelukt om COMPETITIE naar de database te schrijven voor team JO15:2
2016-09-04 16:17:22,395 gelukt om UITSLAG naar de database te schrijven voor team JO15:2
2016-09-04 16:17:22,454 gelukt om BEKER naar de database te schrijven voor team JO15:2
2016-09-04 16:17:23,246 db  geleegd voor team JO15:3 met knvb_id 262559
2016-09-04 16:17:23,247 gelukt om COMPETITIE naar de database te schrijven voor team JO15:3
2016-09-04 16:17:23,249 gelukt om UITSLAG naar de database te schrijven voor team JO15:3
2016-09-04 16:17:23,299 gelukt om BEKER naar de database te schrijven voor team JO15:3
2016-09-04 16:17:24,464 db  geleegd voor team 1 (zat) met knvb_id 170529
2016-09-04 16:17:24,469 gelukt om COMPETITIE naar de database te schrijven voor team 1 (zat)
2016-09-04 16:17:24,470 gelukt om UITSLAG naar de database te schrijven voor team 1 (zat)
2016-09-04 16:17:24,516 gelukt om BEKER naar de database te schrijven voor team 1 (zat)
2016-09-04 16:17:25,497 db  geleegd voor team JO11:2 met knvb_id 262569
2016-09-04 16:17:25,498 gelukt om COMPETITIE naar de database te schrijven voor team JO11:2
2016-09-04 16:17:25,501 gelukt om UITSLAG naar de database te schrijven voor team JO11:2
2016-09-04 16:17:25,542 gelukt om BEKER naar de database te schrijven voor team JO11:2
2016-09-04 16:17:26,516 db  geleegd voor team JO11:5 met knvb_id 262572
2016-09-04 16:17:26,517 gelukt om COMPETITIE naar de database te schrijven voor team JO11:5
2016-09-04 16:17:26,520 gelukt om UITSLAG naar de database te schrijven voor team JO11:5
2016-09-04 16:17:26,564 gelukt om BEKER naar de database te schrijven voor team JO11:5
2016-09-04 16:17:27,810 db  geleegd voor team JO11:6 met knvb_id 262573
2016-09-04 16:17:27,811 gelukt om COMPETITIE naar de database te schrijven voor team JO11:6
2016-09-04 16:17:27,813 gelukt om UITSLAG naar de database te schrijven voor team JO11:6
2016-09-04 16:17:27,866 gelukt om BEKER naar de database te schrijven voor team JO11:6
2016-09-04 16:17:28,841 db  geleegd voor team JO10:1 met knvb_id 262578
2016-09-04 16:17:28,846 gelukt om COMPETITIE naar de database te schrijven voor team JO10:1
2016-09-04 16:17:28,847 gelukt om UITSLAG naar de database te schrijven voor team JO10:1
2016-09-04 16:17:28,893 gelukt om BEKER naar de database te schrijven voor team JO10:1
2016-09-04 16:17:29,703 db  geleegd voor team VR1 (zat) met knvb_id 247662
2016-09-04 16:17:29,708 gelukt om COMPETITIE naar de database te schrijven voor team VR1 (zat)
2016-09-04 16:17:29,709 gelukt om UITSLAG naar de database te schrijven voor team VR1 (zat)
2016-09-04 16:17:29,761 gelukt om BEKER naar de database te schrijven voor team VR1 (zat)
2016-09-04 16:17:30,725 db  geleegd voor team 1 (zaal) met knvb_id 170515
2016-09-04 16:17:30,731 gelukt om COMPETITIE naar de database te schrijven voor team 1 (zaal)
2016-09-04 16:17:30,731 gelukt om UITSLAG naar de database te schrijven voor team 1 (zaal)
2016-09-04 16:17:30,774 gelukt om BEKER naar de database te schrijven voor team 1 (zaal)
2016-09-04 16:17:31,579 db  geleegd voor team JO8:1 met knvb_id 299807
2016-09-04 16:17:31,580 gelukt om COMPETITIE naar de database te schrijven voor team JO8:1
2016-09-04 16:17:31,582 gelukt om UITSLAG naar de database te schrijven voor team JO8:1
2016-09-04 16:17:31,621 gelukt om BEKER naar de database te schrijven voor team JO8:1
2016-09-04 16:17:32,676 db  geleegd voor team 5 (zat) met knvb_id 170534
2016-09-04 16:17:32,685 gelukt om COMPETITIE naar de database te schrijven voor team 5 (zat)
2016-09-04 16:17:32,686 gelukt om UITSLAG naar de database te schrijven voor team 5 (zat)
2016-09-04 16:17:32,738 gelukt om BEKER naar de database te schrijven voor team 5 (zat)
2016-09-04 16:17:33,851 db  geleegd voor team JO11:1 met knvb_id 262568
2016-09-04 16:17:33,858 gelukt om COMPETITIE naar de database te schrijven voor team JO11:1
2016-09-04 16:17:33,861 gelukt om UITSLAG naar de database te schrijven voor team JO11:1
2016-09-04 16:17:33,916 gelukt om BEKER naar de database te schrijven voor team JO11:1
2016-09-04 16:17:34,701 db  geleegd voor team 4 (zat) met knvb_id 170533
2016-09-04 16:17:34,707 gelukt om COMPETITIE naar de database te schrijven voor team 4 (zat)
2016-09-04 16:17:34,708 gelukt om UITSLAG naar de database te schrijven voor team 4 (zat)
2016-09-04 16:17:34,743 gelukt om BEKER naar de database te schrijven voor team 4 (zat)
2016-09-04 16:17:36,198 db  geleegd voor team 2 (zat) met knvb_id 170530
2016-09-04 16:17:36,204 gelukt om COMPETITIE naar de database te schrijven voor team 2 (zat)
2016-09-04 16:17:36,205 gelukt om UITSLAG naar de database te schrijven voor team 2 (zat)
2016-09-04 16:17:36,257 gelukt om BEKER naar de database te schrijven voor team 2 (zat)
2016-09-04 16:17:37,050 db  geleegd voor team JO13:2 met knvb_id 262563
2016-09-04 16:17:37,051 gelukt om COMPETITIE naar de database te schrijven voor team JO13:2
2016-09-04 16:17:37,052 gelukt om UITSLAG naar de database te schrijven voor team JO13:2
2016-09-04 16:17:37,089 gelukt om BEKER naar de database te schrijven voor team JO13:2
2016-09-04 16:17:38,212 db  geleegd voor team JO13:1 met knvb_id 262562
2016-09-04 16:17:38,217 gelukt om COMPETITIE naar de database te schrijven voor team JO13:1
2016-09-04 16:17:38,219 gelukt om UITSLAG naar de database te schrijven voor team JO13:1
2016-09-04 16:17:38,271 gelukt om BEKER naar de database te schrijven voor team JO13:1
2016-09-04 16:17:39,460 db  geleegd voor team JO15:5 met knvb_id 262561
2016-09-04 16:17:39,461 gelukt om COMPETITIE naar de database te schrijven voor team JO15:5
2016-09-04 16:17:39,463 gelukt om UITSLAG naar de database te schrijven voor team JO15:5
2016-09-04 16:17:39,509 gelukt om BEKER naar de database te schrijven voor team JO15:5
2016-09-04 16:17:40,315 db  geleegd voor team JO15:4 met knvb_id 262560
2016-09-04 16:17:40,316 gelukt om COMPETITIE naar de database te schrijven voor team JO15:4
2016-09-04 16:17:40,317 gelukt om UITSLAG naar de database te schrijven voor team JO15:4
2016-09-04 16:17:40,357 gelukt om BEKER naar de database te schrijven voor team JO15:4
2016-09-04 16:17:41,266 db  geleegd voor team JO12:1 met knvb_id 262567
2016-09-04 16:17:41,267 gelukt om COMPETITIE naar de database te schrijven voor team JO12:1
2016-09-04 16:17:41,269 gelukt om UITSLAG naar de database te schrijven voor team JO12:1
2016-09-04 16:17:41,319 gelukt om BEKER naar de database te schrijven voor team JO12:1
2016-09-04 16:17:42,160 db  geleegd voor team JO13:5 met knvb_id 262566
2016-09-04 16:17:42,161 gelukt om COMPETITIE naar de database te schrijven voor team JO13:5
2016-09-04 16:17:42,162 gelukt om UITSLAG naar de database te schrijven voor team JO13:5
2016-09-04 16:17:42,205 gelukt om BEKER naar de database te schrijven voor team JO13:5
2016-09-04 16:17:43,037 db  geleegd voor team JO13:4 met knvb_id 262565
2016-09-04 16:17:43,038 gelukt om COMPETITIE naar de database te schrijven voor team JO13:4
2016-09-04 16:17:43,040 gelukt om UITSLAG naar de database te schrijven voor team JO13:4
2016-09-04 16:17:43,076 gelukt om BEKER naar de database te schrijven voor team JO13:4
2016-09-04 16:17:43,900 db  geleegd voor team JO13:3 met knvb_id 262564
2016-09-04 16:17:43,901 gelukt om COMPETITIE naar de database te schrijven voor team JO13:3
2016-09-04 16:17:43,903 gelukt om UITSLAG naar de database te schrijven voor team JO13:3
2016-09-04 16:17:43,951 gelukt om BEKER naar de database te schrijven voor team JO13:3
2016-09-04 16:17:44,924 db  geleegd voor team JO11:3 met knvb_id 262570
2016-09-04 16:17:44,924 gelukt om COMPETITIE naar de database te schrijven voor team JO11:3
2016-09-04 16:17:44,925 gelukt om UITSLAG naar de database te schrijven voor team JO11:3
2016-09-04 16:17:44,967 gelukt om BEKER naar de database te schrijven voor team JO11:3
2016-09-04 16:17:46,250 db  geleegd voor team JO19:1 met knvb_id 311253
2016-09-04 16:17:46,256 gelukt om COMPETITIE naar de database te schrijven voor team JO19:1
2016-09-04 16:17:46,258 gelukt om UITSLAG naar de database te schrijven voor team JO19:1
2016-09-04 16:17:46,299 gelukt om BEKER naar de database te schrijven voor team JO19:1
2016-09-04 16:17:47,333 db  geleegd voor team JO9:6 met knvb_id 262584
2016-09-04 16:17:47,334 gelukt om COMPETITIE naar de database te schrijven voor team JO9:6
2016-09-04 16:17:47,337 gelukt om UITSLAG naar de database te schrijven voor team JO9:6
2016-09-04 16:17:47,392 gelukt om BEKER naar de database te schrijven voor team JO9:6
2016-09-04 16:17:48,331 db  geleegd voor team MO17:1 met knvb_id 262586
2016-09-04 16:17:48,332 gelukt om COMPETITIE naar de database te schrijven voor team MO17:1
2016-09-04 16:17:48,334 gelukt om UITSLAG naar de database te schrijven voor team MO17:1
2016-09-04 16:17:48,389 gelukt om BEKER naar de database te schrijven voor team MO17:1
2016-09-04 16:17:49,441 db  geleegd voor team JO9:3 met knvb_id 262581
2016-09-04 16:17:49,442 gelukt om COMPETITIE naar de database te schrijven voor team JO9:3
2016-09-04 16:17:49,445 gelukt om UITSLAG naar de database te schrijven voor team JO9:3
2016-09-04 16:17:49,489 gelukt om BEKER naar de database te schrijven voor team JO9:3
2016-09-04 16:17:50,659 db  geleegd voor team JO9:2 met knvb_id 262580
2016-09-04 16:17:50,660 gelukt om COMPETITIE naar de database te schrijven voor team JO9:2
2016-09-04 16:17:50,662 gelukt om UITSLAG naar de database te schrijven voor team JO9:2
2016-09-04 16:17:50,717 gelukt om BEKER naar de database te schrijven voor team JO9:2
2016-09-04 16:17:51,729 db  geleegd voor team JO9:5 met knvb_id 262583
2016-09-04 16:17:51,730 gelukt om COMPETITIE naar de database te schrijven voor team JO9:5
2016-09-04 16:17:51,732 gelukt om UITSLAG naar de database te schrijven voor team JO9:5
2016-09-04 16:17:51,777 gelukt om BEKER naar de database te schrijven voor team JO9:5
2016-09-04 16:17:52,694 db  geleegd voor team JO9:4 met knvb_id 262582
2016-09-04 16:17:52,695 gelukt om COMPETITIE naar de database te schrijven voor team JO9:4
2016-09-04 16:17:52,696 gelukt om UITSLAG naar de database te schrijven voor team JO9:4
2016-09-04 16:17:52,746 gelukt om BEKER naar de database te schrijven voor team JO9:4
2016-09-04 16:17:53,578 db  geleegd voor team JO9:1 met knvb_id 262579
2016-09-04 16:17:53,579 gelukt om COMPETITIE naar de database te schrijven voor team JO9:1
2016-09-04 16:17:53,581 gelukt om UITSLAG naar de database te schrijven voor team JO9:1
2016-09-04 16:17:53,622 gelukt om BEKER naar de database te schrijven voor team JO9:1
2016-09-04 16:17:54,759 db  geleegd voor team 3 (zat) met knvb_id 174058
2016-09-04 16:17:54,764 gelukt om COMPETITIE naar de database te schrijven voor team 3 (zat)
2016-09-04 16:17:54,765 gelukt om UITSLAG naar de database te schrijven voor team 3 (zat)
2016-09-04 16:17:54,811 gelukt om BEKER naar de database te schrijven voor team 3 (zat)
2016-09-04 16:17:55,686 db  geleegd voor team JO19:2 met knvb_id 311986
2016-09-04 16:17:55,689 gelukt om COMPETITIE naar de database te schrijven voor team JO19:2
2016-09-04 16:17:55,691 gelukt om UITSLAG naar de database te schrijven voor team JO19:2
2016-09-04 16:17:55,742 gelukt om BEKER naar de database te schrijven voor team JO19:2
2016-09-04 16:17:57,011 db  geleegd voor team MO13:1 met knvb_id 262589
2016-09-04 16:17:57,012 gelukt om COMPETITIE naar de database te schrijven voor team MO13:1
2016-09-04 16:17:57,014 gelukt om UITSLAG naar de database te schrijven voor team MO13:1
2016-09-04 16:17:57,058 gelukt om BEKER naar de database te schrijven voor team MO13:1
2016-09-04 16:17:57,978 db  geleegd voor team 2 (zon) met knvb_id 170547
2016-09-04 16:17:57,984 gelukt om COMPETITIE naar de database te schrijven voor team 2 (zon)
2016-09-04 16:17:57,985 gelukt om UITSLAG naar de database te schrijven voor team 2 (zon)
2016-09-04 16:17:58,033 gelukt om BEKER naar de database te schrijven voor team 2 (zon)
2016-09-04 16:17:58,786 db  geleegd voor team JO19:3 met knvb_id 311985
2016-09-04 16:17:58,788 gelukt om COMPETITIE naar de database te schrijven voor team JO19:3
2016-09-04 16:17:58,790 gelukt om UITSLAG naar de database te schrijven voor team JO19:3
2016-09-04 16:17:58,840 gelukt om BEKER naar de database te schrijven voor team JO19:3
2016-09-04 16:17:59,807 db  geleegd voor team JO11:4 met knvb_id 262571
2016-09-04 16:17:59,808 gelukt om COMPETITIE naar de database te schrijven voor team JO11:4
2016-09-04 16:17:59,809 gelukt om UITSLAG naar de database te schrijven voor team JO11:4
2016-09-04 16:17:59,850 gelukt om BEKER naar de database te schrijven voor team JO11:4
